<?xml version="1.0" encoding="UTF-8"?>
<!-- Generated by org.testng.reporters.JUnitReportReporter -->
<testsuite hostname="Satheesh" failures="0" tests="1" name="pack1.Excel" time="0.757" errors="0" timestamp="14 Apr 2018 06:28:46 GMT">
  <testcase classname="pack1.Excel" name="openapp" time="0.757"/>
</testsuite> <!-- pack1.Excel -->
